0 info it worked if it ends with ok
1 verbose cli [ '/Users/kirilltalanine/.nvm/versions/node/v5.7.1/bin/node',
1 verbose cli   '/Users/kirilltalanine/.nvm/versions/node/v5.7.1/bin/npm',
1 verbose cli   'publish' ]
2 info using npm@3.8.0
3 info using node@v5.7.1
4 verbose publish [ '.' ]
5 silly cache add args [ '.', null ]
6 verbose cache add spec .
7 silly cache add parsed spec Result {
7 silly cache add   raw: '.',
7 silly cache add   scope: null,
7 silly cache add   name: null,
7 silly cache add   rawSpec: '.',
7 silly cache add   spec: '/Users/kirilltalanine/Developer/postcss-svgicon',
7 silly cache add   type: 'directory' }
8 verbose addLocalDirectory /Users/kirilltalanine/.npm/postcss-svgicon/0.0.1/package.tgz not in flight; packing
9 verbose correctMkdir /Users/kirilltalanine/.npm correctMkdir not in flight; initializing
10 info lifecycle postcss-svgicon@0.0.1~prepublish: postcss-svgicon@0.0.1
11 silly lifecycle postcss-svgicon@0.0.1~prepublish: no script for prepublish, continuing
12 verbose tar pack [ '/Users/kirilltalanine/.npm/postcss-svgicon/0.0.1/package.tgz',
12 verbose tar pack   '/Users/kirilltalanine/Developer/postcss-svgicon' ]
13 verbose tarball /Users/kirilltalanine/.npm/postcss-svgicon/0.0.1/package.tgz
14 verbose folder /Users/kirilltalanine/Developer/postcss-svgicon
15 verbose addLocalTarball adding from inside cache /Users/kirilltalanine/.npm/postcss-svgicon/0.0.1/package.tgz
16 verbose correctMkdir /Users/kirilltalanine/.npm correctMkdir not in flight; initializing
17 silly cache afterAdd postcss-svgicon@0.0.1
18 verbose afterAdd /Users/kirilltalanine/.npm/postcss-svgicon/0.0.1/package/package.json not in flight; writing
19 verbose correctMkdir /Users/kirilltalanine/.npm correctMkdir not in flight; initializing
20 verbose afterAdd /Users/kirilltalanine/.npm/postcss-svgicon/0.0.1/package/package.json written
21 silly publish { name: 'postcss-svgicon',
21 silly publish   version: '0.0.1',
21 silly publish   description: 'A Postcss plugin which makes it easy to use svgs as background images and icons, while coloring them using css.',
21 silly publish   main: 'index.js',
21 silly publish   repository:
21 silly publish    { type: 'git',
21 silly publish      url: 'git+https://github.com/KTala9/postcss-svgicon.git' },
21 silly publish   keywords: [ 'postcss', 'svg', 'icons' ],
21 silly publish   author: { name: 'Kirill Talanine' },
21 silly publish   license: 'ISC',
21 silly publish   dependencies:
21 silly publish    { 'base-64': '^0.1.0',
21 silly publish      lodash: '^4.11.2',
21 silly publish      'newline-remove': '^1.0.2',
21 silly publish      postcss: '^5.0.20',
21 silly publish      'pretty-data': '^0.40.0',
21 silly publish      'strict-uri-encode': '^1.1.0',
21 silly publish      traverse: '^0.6.6',
21 silly publish      xml2js: '^0.4.16' },
21 silly publish   devDependencies: { grunt: '^1.0.1', 'grunt-postcss': '^0.8.0' },
21 silly publish   readme: '# PostCSS SVGIcon\n\n## Colour and access SVG files easily in css.\n\nThis PostCSS plugin does three things:\n\n* Lets you define a directory of svgs as your icons folder.\n* Lets you easily access and color these svgs in your css.\n* Saves the icons as data-uris in your stylesheet as efficiently as possible, with only one uri per icon-colour combo.\n\nIt\'s a simple but effective icon system which required minimal config and maintenance, while allowing easy customization and excellent performance.\n\n### Postcss options\n\n* **path**: Path to a directory containing your svg files.\n* **prefix**: *(optional)* If your icon files share a common prefix, you can register it here. This allows you to reference your icons without the prefix. For example, *icon_tick.svg* can be referenced in your css simply as *tick*.\n\n#### Example config\n\n```js\nrequire(\'postcss-svgicon\')({\n    path: \'/path/to/icon/dir\',\n    prefix: \'icon_\',\n})\n```\n\n### CSS helper function\n\nIn your css, you can now include and colour any icon form the registered directory using the ```svgicon(iconName, iconColour)``` function. *iconName* is simply the name of the svg file you wish to use, without the (optionally configured) prefix or the extension.\n\n#### Example\n\n```css\n.my-icon {\n\tbackground-image: svgicon(tick, green);\n\tbackground-repeat: no-repeat;\n}\n```\n',
21 silly publish   readmeFilename: 'readme.md',
21 silly publish   gitHead: '7de2398db1010e1beeded96975d16858c0d4e4a7',
21 silly publish   bugs: { url: 'https://github.com/KTala9/postcss-svgicon/issues' },
21 silly publish   homepage: 'https://github.com/KTala9/postcss-svgicon#readme',
21 silly publish   _id: 'postcss-svgicon@0.0.1',
21 silly publish   scripts: {},
21 silly publish   _shasum: 'd0734f7ea59b7e15062719ec55ac9e62158e6e1f',
21 silly publish   _from: '.' }
22 verbose getPublishConfig undefined
23 silly mapToRegistry name postcss-svgicon
24 silly mapToRegistry using default registry
25 silly mapToRegistry registry https://registry.npmjs.org/
26 silly mapToRegistry uri https://registry.npmjs.org/postcss-svgicon
27 verbose publish registryBase https://registry.npmjs.org/
28 silly publish uploading /Users/kirilltalanine/.npm/postcss-svgicon/0.0.1/package.tgz
29 verbose request uri https://registry.npmjs.org/postcss-svgicon
30 verbose request sending authorization for write operation
31 info attempt registry request try #1 at 11:50:01 AM
32 verbose request using bearer token for auth
33 verbose request id ba5817b9d00a3d4a
34 http request PUT https://registry.npmjs.org/postcss-svgicon
35 http 403 https://registry.npmjs.org/postcss-svgicon
36 verbose headers { 'content-type': 'application/json',
36 verbose headers   'cache-control': 'max-age=300',
36 verbose headers   'content-length': '95',
36 verbose headers   'accept-ranges': 'bytes',
36 verbose headers   date: 'Mon, 12 Sep 2016 01:50:02 GMT',
36 verbose headers   via: '1.1 varnish',
36 verbose headers   connection: 'keep-alive',
36 verbose headers   'x-served-by': 'cache-mel6520-MEL',
36 verbose headers   'x-cache': 'MISS',
36 verbose headers   'x-cache-hits': '0',
36 verbose headers   'x-timer': 'S1473645001.925406,VS0,VE789',
36 verbose headers   vary: 'Accept-Encoding' }
37 verbose request invalidating /Users/kirilltalanine/.npm/registry.npmjs.org/postcss-svgicon on PUT
38 error publish Failed PUT 403
39 verbose stack Error: "You cannot publish over the previously published version 0.0.1." : postcss-svgicon
39 verbose stack     at makeError (/Users/kirilltalanine/.nvm/versions/node/v5.7.1/lib/node_modules/npm/node_modules/npm-registry-client/lib/request.js:264:12)
39 verbose stack     at CachingRegistryClient.<anonymous> (/Users/kirilltalanine/.nvm/versions/node/v5.7.1/lib/node_modules/npm/node_modules/npm-registry-client/lib/request.js:252:14)
39 verbose stack     at Request._callback (/Users/kirilltalanine/.nvm/versions/node/v5.7.1/lib/node_modules/npm/node_modules/npm-registry-client/lib/request.js:172:14)
39 verbose stack     at Request.self.callback (/Users/kirilltalanine/.nvm/versions/node/v5.7.1/lib/node_modules/npm/node_modules/request/request.js:199:22)
39 verbose stack     at emitTwo (events.js:100:13)
39 verbose stack     at Request.emit (events.js:185:7)
39 verbose stack     at Request.<anonymous> (/Users/kirilltalanine/.nvm/versions/node/v5.7.1/lib/node_modules/npm/node_modules/request/request.js:1036:10)
39 verbose stack     at emitOne (events.js:95:20)
39 verbose stack     at Request.emit (events.js:182:7)
39 verbose stack     at IncomingMessage.<anonymous> (/Users/kirilltalanine/.nvm/versions/node/v5.7.1/lib/node_modules/npm/node_modules/request/request.js:963:12)
40 verbose statusCode 403
41 verbose pkgid postcss-svgicon
42 verbose cwd /Users/kirilltalanine/Developer/postcss-svgicon
43 error Darwin 14.5.0
44 error argv "/Users/kirilltalanine/.nvm/versions/node/v5.7.1/bin/node" "/Users/kirilltalanine/.nvm/versions/node/v5.7.1/bin/npm" "publish"
45 error node v5.7.1
46 error npm  v3.8.0
47 error code E403
48 error "You cannot publish over the previously published version 0.0.1." : postcss-svgicon
49 error If you need help, you may report this error at:
49 error     <https://github.com/npm/npm/issues>
50 verbose exit [ 1, true ]
